#
# There is insufficient memory for the Java Runtime Environment to continue.
# Native memory allocation (mmap) failed to map 132120576 bytes for Failed to commit area from 0x0000000083800000 to 0x000000008b600000 of length 132120576.
# Possible reasons:
#   The system is out of physical RAM or swap space
#   The process is running with CompressedOops enabled, and the Java Heap may be blocking the growth of the native heap
# Possible solutions:
#   Reduce memory load on the system
#   Increase physical memory or swap space
#   Check if swap backing store is full
#   Decrease Java heap size (-Xmx/-Xms)
#   Decrease number of Java threads
#   Decrease Java thread stack sizes (-Xss)
#   Set larger code cache with -XX:ReservedCodeCacheSize=
#   JVM is running with Unscaled Compressed Oops mode in which the Java heap is
#     placed in the first 4GB address space. The Java Heap base address is the
#     maximum limit for the native heap growth. Please use -XX:HeapBaseMinAddress
#     to set the Java Heap base and to place the Java Heap above 4GB virtual address.
# This output file may be truncated or incomplete.
#
#  Out of Memory Error (./open/src/hotspot/os/windows/os_windows.cpp:3315), pid=14092, tid=14168
#
# JRE version:  (14.0.2+12) (build )
# Java VM: OpenJDK 64-Bit Server VM (14.0.2+12-46, mixed mode, sharing, tiered, compressed oops, g1 gc, windows-amd64)
# No core dump will be written. Minidumps are not enabled by default on client versions of Windows
#

---------------  S U M M A R Y ------------

Command Line: -Dfile.encoding=Cp1252 --module-path=C:\Users\israar ahmad\Desktop\mysql-connector-java-8.0.24\mysql-connector-java-8.0.24.jar -XX:+ShowCodeDetailsInExceptionMessages HotelManagementSystem.addDriver

Host: Intel(R) Core(TM) i5-1035G4 CPU @ 1.10GHz, 8 cores, 7G,  Windows 10 , 64 bit Build 19041 (10.0.19041.928)
Time: Thu Jun  3 14:38:40 2021 India Standard Time elapsed time: 0 seconds (0d 0h 0m 0s)

---------------  T H R E A D  ---------------

Current thread (0x000001d298a5d000):  JavaThread "Unknown thread" [_thread_in_vm, id=14168, stack(0x000000c24b800000,0x000000c24b900000)]

Stack: [0x000000c24b800000,0x000000c24b900000]
Native frames: (J=compiled Java code, j=interpreted, Vv=VM code, C=native code)
V  [jvm.dll+0x5f8a9a]
V  [jvm.dll+0x74247a]
V  [jvm.dll+0x743c2f]
V  [jvm.dll+0x744273]
V  [jvm.dll+0x20d288]
V  [jvm.dll+0x5f5dea]
V  [jvm.dll+0x5eac45]
V  [jvm.dll+0x2c7e9c]
V  [jvm.dll+0x2c7cd2]
V  [jvm.dll+0x2cdbbc]
V  [jvm.dll+0x313fe8]
V  [jvm.dll+0x313710]
V  [jvm.dll+0x2a092a]
V  [jvm.dll+0x2a1a79]
V  [jvm.dll+0x71fd48]
V  [jvm.dll+0x321c14]
V  [jvm.dll+0x70112c]
V  [jvm.dll+0x392def]
V  [jvm.dll+0x394e61]
C  [jli.dll+0x524b]
C  [ucrtbase.dll+0x21bb2]
C  [KERNEL32.DLL+0x17034]
C  [ntdll.dll+0x52651]


---------------  P R O C E S S  ---------------

Threads class SMR info:
_java_thread_list=0x00007fffea4b3038, length=0, elements={
}

Java Threads: ( => current thread )

Other Threads:
  0x000001d298a9b000 GCTaskThread "GC Thread#0" [stack: 0x000000c24b900000,0x000000c24ba00000] [id=14172]
  0x000001d298aae800 ConcurrentGCThread "G1 Main Marker" [stack: 0x000000c24ba00000,0x000000c24bb00000] [id=14176]
  0x000001d298aaf800 ConcurrentGCThread "G1 Conc#0" [stack: 0x000000c24bb00000,0x000000c24bc00000] [id=14180]

[error occurred during error reporting (printing all threads), id 0xc0000005, EXCEPTION_ACCESS_VIOLATION (0xc0000005) at pc=0x00007fffe9ce1257]

VM state:not at safepoint (not fully initialized)

VM Mutex/Monitor currently owned by a thread:  ([mutex/lock_event])
[0x000001d298a59250] Heap_lock - owner thread: 0x000001d298a5d000

Heap address: 0x0000000083800000, size: 1992 MB, Compressed Oops mode: 32-bit
Narrow klass base: 0x0000000000000000, Narrow klass shift: 0

GC Heap History (0 events):
No events

Deoptimization events (0 events):
No events

Classes unloaded (0 events):
No events

Classes redefined (0 events):
No events

Internal exceptions (0 events):
No events

Events (2 events):
Event: 0.012 Loaded shared library C:\Users\israar ahmad\.p2\pool\plugins\org.eclipse.justj.openjdk.hotspot.jre.full.win32.x86_64_14.0.2.v20200815-0932\jre\bin\java.dll
Event: 0.014 Loaded shared library C:\Users\israar ahmad\.p2\pool\plugins\org.eclipse.justj.openjdk.hotspot.jre.full.win32.x86_64_14.0.2.v20200815-0932\jre\bin\zip.dll


Dynamic libraries:
0x00007ff71dd10000 - 0x00007ff71dd1d000 	C:\Users\israar ahmad\.p2\pool\plugins\org.eclipse.justj.openjdk.hotspot.jre.full.win32.x86_64_14.0.2.v20200815-0932\jre\bin\javaw.exe
0x00007ff82e050000 - 0x00007ff82e245000 	C:\WINDOWS\SYSTEM32\ntdll.dll
0x00007ff82d550000 - 0x00007ff82d60d000 	C:\WINDOWS\System32\KERNEL32.DLL
0x00007ff82bb60000 - 0x00007ff82be28000 	C:\WINDOWS\System32\KERNELBASE.dll
0x00007ff82b900000 - 0x00007ff82ba00000 	C:\WINDOWS\System32\ucrtbase.dll
0x00007ffffb500000 - 0x00007ffffb515000 	C:\Users\israar ahmad\.p2\pool\plugins\org.eclipse.justj.openjdk.hotspot.jre.full.win32.x86_64_14.0.2.v20200815-0932\jre\bin\VCRUNTIME140.dll
0x00007ffffc290000 - 0x00007ffffc2a8000 	C:\Users\israar ahmad\.p2\pool\plugins\org.eclipse.justj.openjdk.hotspot.jre.full.win32.x86_64_14.0.2.v20200815-0932\jre\bin\jli.dll
0x00007ff82ca50000 - 0x00007ff82cbf0000 	C:\WINDOWS\System32\USER32.dll
0x00007ff82c080000 - 0x00007ff82c0a2000 	C:\WINDOWS\System32\win32u.dll
0x00007ff80ff70000 - 0x00007ff81020a000 	C:\WINDOWS\WinSxS\amd64_microsoft.windows.common-controls_6595b64144ccf1df_6.0.19041.844_none_ca00b6081b84eb1d\COMCTL32.dll
0x00007ff82cf70000 - 0x00007ff82cf9a000 	C:\WINDOWS\System32\GDI32.dll
0x00007ff82df70000 - 0x00007ff82e00e000 	C:\WINDOWS\System32\msvcrt.dll
0x00007ff82bec0000 - 0x00007ff82bfcb000 	C:\WINDOWS\System32\gdi32full.dll
0x00007ff82b860000 - 0x00007ff82b8fd000 	C:\WINDOWS\System32\msvcp_win.dll
0x00007ff82cfc0000 - 0x00007ff82cff0000 	C:\WINDOWS\System32\IMM32.DLL
0x00007fffe7a40000 - 0x00007fffe7adb000 	C:\Users\israar ahmad\.p2\pool\plugins\org.eclipse.justj.openjdk.hotspot.jre.full.win32.x86_64_14.0.2.v20200815-0932\jre\bin\msvcp140.dll
0x00007fffe9a30000 - 0x00007fffea54e000 	C:\Users\israar ahmad\.p2\pool\plugins\org.eclipse.justj.openjdk.hotspot.jre.full.win32.x86_64_14.0.2.v20200815-0932\jre\bin\server\jvm.dll
0x00007ff82d440000 - 0x00007ff82d4ec000 	C:\WINDOWS\System32\ADVAPI32.dll
0x00007ff82d050000 - 0x00007ff82d0eb000 	C:\WINDOWS\System32\sechost.dll
0x00007ff82c800000 - 0x00007ff82c92b000 	C:\WINDOWS\System32\RPCRT4.dll
0x00007ff82cf60000 - 0x00007ff82cf68000 	C:\WINDOWS\System32\PSAPI.DLL
0x00007ff817ec0000 - 0x00007ff817ee7000 	C:\WINDOWS\SYSTEM32\WINMM.dll
0x00007ff825df0000 - 0x00007ff825dfa000 	C:\WINDOWS\SYSTEM32\VERSION.dll
0x00007ff821040000 - 0x00007ff821049000 	C:\WINDOWS\SYSTEM32\WSOCK32.dll
0x00007ff82d7c0000 - 0x00007ff82d82b000 	C:\WINDOWS\System32\WS2_32.dll
0x00007ff82a0b0000 - 0x00007ff82a0c2000 	C:\WINDOWS\SYSTEM32\kernel.appcore.dll
0x00007ff820fa0000 - 0x00007ff820faa000 	C:\Users\israar ahmad\.p2\pool\plugins\org.eclipse.justj.openjdk.hotspot.jre.full.win32.x86_64_14.0.2.v20200815-0932\jre\bin\jimage.dll
0x00007ff826400000 - 0x00007ff8265e4000 	C:\WINDOWS\SYSTEM32\DBGHELP.DLL
0x00007ff820320000 - 0x00007ff82034c000 	C:\WINDOWS\SYSTEM32\dbgcore.DLL
0x00007ff82b7e0000 - 0x00007ff82b860000 	C:\WINDOWS\System32\bcryptPrimitives.dll
0x00007ff807010000 - 0x00007ff807035000 	C:\Users\israar ahmad\.p2\pool\plugins\org.eclipse.justj.openjdk.hotspot.jre.full.win32.x86_64_14.0.2.v20200815-0932\jre\bin\java.dll
0x00007ff812a30000 - 0x00007ff812a46000 	C:\Users\israar ahmad\.p2\pool\plugins\org.eclipse.justj.openjdk.hotspot.jre.full.win32.x86_64_14.0.2.v20200815-0932\jre\bin\zip.dll

dbghelp: loaded successfully - version: 4.0.5 - missing functions: none
symbol engine: initialized successfully - sym options: 0x614 - pdb path: .;C:\Users\israar ahmad\.p2\pool\plugins\org.eclipse.justj.openjdk.hotspot.jre.full.win32.x86_64_14.0.2.v20200815-0932\jre\bin;C:\WINDOWS\SYSTEM32;C:\WINDOWS\WinSxS\amd64_microsoft.windows.common-controls_6595b64144ccf1df_6.0.19041.844_none_ca00b6081b84eb1d;C:\Users\israar ahmad\.p2\pool\plugins\org.eclipse.justj.openjdk.hotspot.jre.full.win32.x86_64_14.0.2.v20200815-0932\jre\bin\server

VM Arguments:
jvm_args: -Dfile.encoding=Cp1252 --module-path=C:\Users\israar ahmad\Desktop\mysql-connector-java-8.0.24\mysql-connector-java-8.0.24.jar -XX:+ShowCodeDetailsInExceptionMessages 
java_command: HotelManagementSystem.addDriver
java_class_path (initial): C:\Users\israar ahmad\eclipse-workspace\HotelManagementSystem\bin
Launcher Type: SUN_STANDARD

[Global flags]
     intx CICompilerCount                          = 4                                         {product} {ergonomic}
     uint ConcGCThreads                            = 2                                         {product} {ergonomic}
     uint G1ConcRefinementThreads                  = 8                                         {product} {ergonomic}
   size_t G1HeapRegionSize                         = 1048576                                   {product} {ergonomic}
    uintx GCDrainStackTargetSize                   = 64                                        {product} {ergonomic}
   size_t InitialHeapSize                          = 132120576                                 {product} {ergonomic}
   size_t MarkStackSize                            = 4194304                                   {product} {ergonomic}
   size_t MaxHeapSize                              = 2088763392                                {product} {ergonomic}
   size_t MinHeapDeltaBytes                        = 1048576                                   {product} {ergonomic}
   size_t MinHeapSize                              = 8388608                                   {product} {ergonomic}
    uintx NonNMethodCodeHeapSize                   = 5839372                                {pd product} {ergonomic}
    uintx NonProfiledCodeHeapSize                  = 122909434                              {pd product} {ergonomic}
    uintx ProfiledCodeHeapSize                     = 122909434                              {pd product} {ergonomic}
    uintx ReservedCodeCacheSize                    = 251658240                              {pd product} {ergonomic}
     bool SegmentedCodeCache                       = true                                      {product} {ergonomic}
     bool ShowCodeDetailsInExceptionMessages       = true                                   {manageable} {command line}
   size_t SoftMaxHeapSize                          = 2088763392                             {manageable} {ergonomic}
     bool UseCompressedClassPointers               = true                                 {lp64_product} {ergonomic}
     bool UseCompressedOops                        = true                                 {lp64_product} {ergonomic}
     bool UseG1GC                                  = true                                      {product} {ergonomic}
     bool UseLargePagesIndividualAllocation        = false                                  {pd product} {ergonomic}

Logging:
Log output configuration:
 #0: stdout all=warning uptime,level,tags
 #1: stderr all=off uptime,level,tags

Environment Variables:
PATH=C:/Users/israar ahmad/.p2/pool/plugins/org.eclipse.justj.openjdk.hotspot.jre.full.win32.x86_64_14.0.2.v20200815-0932/jre/bin/server;C:/Users/israar ahmad/.p2/pool/plugins/org.eclipse.justj.openjdk.hotspot.jre.full.win32.x86_64_14.0.2.v20200815-0932/jre/bin;C:\Program Files (x86)\Autodesk\Maya2008\bin;C:\Program Files\Common Files\Oracle\Java\javapath;C:\WINDOWS\system32;C:\WINDOWS;C:\WINDOWS\System32\Wbem;C:\WINDOWS\System32\WindowsPowerShell\v1.0\;C:\WINDOWS\System32\OpenSSH\;C:\Program Files\MATLAB\R2016a\runtime\win64;C:\Program Files\MATLAB\R2016a\bin;C:\Program Files\MATLAB\R2016a\polyspace\bin;C:\OrCAD\OrCAD_16.6_Lite\tools\PSpice;C:\OrCAD\OrCAD_16.6_Lite\tools\Capture;C:\OrCAD\OrCAD_16.6_Lite\tools\bin;C:\OrCAD\OrCAD_16.6_Lite\OpenAccess\bin\win32\opt;C:\OrCAD\OrCAD_16.6_Lite\tools\fet\bin;C:\OrCAD\OrCAD_16.6_Lite\tools\pcb\bin;C:\Users\israar ahmad\AppData\Local\Microsoft\WindowsApps;C:\Users\israar ahmad\AppData\Local\atom\bin;C:\Users\israar ahmad\Desktop\software shortcut;
USERNAME=israar ahmad
OS=Windows_NT
PROCESSOR_IDENTIFIER=Intel64 Family 6 Model 126 Stepping 5, GenuineIntel



---------------  S Y S T E M  ---------------

OS: Windows 10 , 64 bit Build 19041 (10.0.19041.928)
OS uptime: 2 days 15:46 hours

CPU:total 8 (initial active 8) (4 cores per cpu, 2 threads per core) family 6 model 126 stepping 5, cmov, cx8, fxsr, mmx, sse, sse2, sse3, ssse3, sse4.1, sse4.2, popcnt, avx, avx2, aes, clmul, erms, 3dnowpref, lzcnt, ht, tsc, tscinvbit, bmi1, bmi2, adx, evex, sha, fma

Memory: 4k page, system-wide physical 7967M (1799M free)
TotalPageFile size 32543M (AvailPageFile size 52M)
current process WorkingSet (physical memory assigned to process): 10M, peak: 10M
current process commit charge ("private bytes"): 60M, peak: 186M

vm_info: OpenJDK 64-Bit Server VM (14.0.2+12-46) for windows-amd64 JRE (14.0.2+12-46), built on Jul  9 2020 00:31:16 by "mach5one" with MS VC++ 15.9 (VS2017)

END.
